<?xml version="1.0" encoding="UTF-8"?>
<robot generator="Robot 7.2 (Python 3.13.1 on win32)" generated="2025-01-31T14:19:51.236885" rpa="false" schemaversion="5">
<suite id="s1" name="Desafios" source="c:\Users\felipe.m.silva\Desktop\Pessoal\NOESIS_Curso\Robot_Web\Desafios\desafios.robot">
<test id="s1-t1" name="Abrir Browser e preencher campos" line="8">
<kw name="Open Browser" owner="SeleniumLibrary">
<msg time="2025-01-31T14:19:52.125917" level="INFO">Opening browser 'chrome' to base url 'https://testautomationpractice.blogspot.com/'.</msg>
<arg>https://testautomationpractice.blogspot.com/</arg>
<arg>chrome</arg>
<arg>options=add_argument("--start-maximazed")</arg>
<doc>Opens a new browser instance to the optional ``url``.</doc>
<status status="PASS" start="2025-01-31T14:19:52.125419" elapsed="7.418696"/>
</kw>
<kw name="Wait Until Element Is Enabled" owner="SeleniumLibrary">
<arg>xpath://span[normalize-space()='For Selenium, Cypress &amp; Playwright']</arg>
<arg>20</arg>
<doc>Waits until the element ``locator`` is enabled.</doc>
<status status="PASS" start="2025-01-31T14:19:59.544714" elapsed="0.035456"/>
</kw>
<kw name="Click Element" owner="SeleniumLibrary">
<msg time="2025-01-31T14:19:59.580692" level="INFO">Clicking element '//input[@id='name']'.</msg>
<arg>//input[@id='name']</arg>
<doc>Click the element identified by ``locator``.</doc>
<status status="PASS" start="2025-01-31T14:19:59.580503" elapsed="0.057397"/>
</kw>
<kw name="Input Text" owner="SeleniumLibrary">
<msg time="2025-01-31T14:19:59.638469" level="INFO">Typing text 'Felipe' into text field '//input[@id='name']'.</msg>
<arg>//input[@id='name']</arg>
<arg>Felipe</arg>
<doc>Types the given ``text`` into the text field identified by ``locator``.</doc>
<status status="PASS" start="2025-01-31T14:19:59.638242" elapsed="0.051548"/>
</kw>
<kw name="Click Element" owner="SeleniumLibrary">
<msg time="2025-01-31T14:19:59.690331" level="INFO">Clicking element '//input[@id='email']'.</msg>
<arg>//input[@id='email']</arg>
<doc>Click the element identified by ``locator``.</doc>
<status status="PASS" start="2025-01-31T14:19:59.690114" elapsed="0.050773"/>
</kw>
<kw name="Input Text" owner="SeleniumLibrary">
<msg time="2025-01-31T14:19:59.741504" level="INFO">Typing text 'teste@gmail.com' into text field '//input[@id='email']'.</msg>
<arg>//input[@id='email']</arg>
<arg>teste@gmail.com</arg>
<doc>Types the given ``text`` into the text field identified by ``locator``.</doc>
<status status="PASS" start="2025-01-31T14:19:59.741252" elapsed="0.050157"/>
</kw>
<kw name="Click Element" owner="SeleniumLibrary">
<msg time="2025-01-31T14:19:59.792007" level="INFO">Clicking element '//input[@id='email']'.</msg>
<arg>//input[@id='email']</arg>
<doc>Click the element identified by ``locator``.</doc>
<status status="PASS" start="2025-01-31T14:19:59.791760" elapsed="0.050492"/>
</kw>
<kw name="Input Text" owner="SeleniumLibrary">
<msg time="2025-01-31T14:19:59.842825" level="INFO">Typing text '963 987 987' into text field '//input[@id='email']'.</msg>
<arg>//input[@id='email']</arg>
<arg>963 987 987</arg>
<doc>Types the given ``text`` into the text field identified by ``locator``.</doc>
<status status="PASS" start="2025-01-31T14:19:59.842579" elapsed="0.100125"/>
</kw>
<kw name="Click Element" owner="SeleniumLibrary">
<msg time="2025-01-31T14:19:59.943265" level="INFO">Clicking element '//textarea[@id='textarea']'.</msg>
<arg>//textarea[@id='textarea']</arg>
<doc>Click the element identified by ``locator``.</doc>
<status status="PASS" start="2025-01-31T14:19:59.943049" elapsed="0.048951"/>
</kw>
<kw name="Input Text" owner="SeleniumLibrary">
<msg time="2025-01-31T14:19:59.992704" level="INFO">Typing text 'Rua do teste, 34' into text field '//textarea[@id='textarea']'.</msg>
<arg>//textarea[@id='textarea']</arg>
<arg>Rua do teste, 34</arg>
<doc>Types the given ``text`` into the text field identified by ``locator``.</doc>
<status status="PASS" start="2025-01-31T14:19:59.992502" elapsed="0.048386"/>
</kw>
<kw name="Select Radio Button" owner="SeleniumLibrary">
<msg time="2025-01-31T14:20:00.041385" level="INFO">Selecting 'male' from radio button 'gender'.</msg>
<arg>gender</arg>
<arg>male</arg>
<doc>Sets the radio button group ``group_name`` to ``value``.</doc>
<status status="PASS" start="2025-01-31T14:20:00.041218" elapsed="0.062136"/>
</kw>
<kw name="Select Checkbox" owner="SeleniumLibrary">
<msg time="2025-01-31T14:20:00.103889" level="INFO">Selecting checkbox 'sunday'.</msg>
<arg>sunday</arg>
<doc>Selects the checkbox identified by ``locator``.</doc>
<status status="PASS" start="2025-01-31T14:20:00.103682" elapsed="0.064253"/>
</kw>
<kw name="Select Checkbox" owner="SeleniumLibrary">
<msg time="2025-01-31T14:20:00.168557" level="INFO">Selecting checkbox 'saturday'.</msg>
<arg>saturday</arg>
<doc>Selects the checkbox identified by ``locator``.</doc>
<status status="PASS" start="2025-01-31T14:20:00.168303" elapsed="0.058432"/>
</kw>
<kw name="Sleep" owner="BuiltIn">
<msg time="2025-01-31T14:20:20.227984" level="INFO">Slept 20 seconds.</msg>
<arg>20</arg>
<doc>Pauses the test executed for the given time.</doc>
<status status="PASS" start="2025-01-31T14:20:00.227313" elapsed="20.000927"/>
</kw>
<status status="PASS" start="2025-01-31T14:19:52.124621" elapsed="28.104474"/>
</test>
<status status="PASS" start="2025-01-31T14:19:51.242937" elapsed="28.987062"/>
</suite>
<statistics>
<total>
<stat pass="1" fail="0" skip="0">All Tests</stat>
</total>
<tag>
</tag>
<suite>
<stat name="Desafios" id="s1" pass="1" fail="0" skip="0">Desafios</stat>
</suite>
</statistics>
<errors>
</errors>
</robot>
